# 
# Steps log generated by SDx
# This log file contains a collection of steps that describe the kernel compilation flow
# Note: Some steps are tagged as internal, these steps are for debugging purposes and 
#       are not expected to be able to run independently.
# 

# The following environment variables are set when running xocc
Environment variables :
------------------------------------------
CLUTTER_IM_MODULE=xim
RT_TCL_PATH=/home/timothyduke/Documents/SDx/2018.2/scripts/rt/base_tcl/tcl
LD_LIBRARY_PATH=/home/timothyduke/Documents/SDx/2018.2/lib/lnx64.o/Ubuntu:/home/timothyduke/Documents/SDx/2018.2/lib/lnx64.o:/home/timothyduke/Documents/SDx/2018.2/tps/lnx64/jre/lib/amd64:/home/timothyduke/Documents/SDx/2018.2/tps/lnx64/jre/lib/amd64/server:/home/timothyduke/Documents/SDx/2018.2/lib/lnx64.o/Ubuntu:/home/timothyduke/Documents/SDx/2018.2/lib/lnx64.o:/home/timothyduke/Documents/SDx/2018.2/lib/lnx64.o/Ubuntu:/home/timothyduke/Documents/SDx/2018.2/lib/lnx64.o:/home/timothyduke/Documents/SDx/2018.2/tps/lnx64/jre/lib/amd64:/home/timothyduke/Documents/SDx/2018.2/tps/lnx64/jre/lib/amd64/server:/home/timothyduke/Documents/SDK/2018.2/tps/lnx64/jre/lib/amd64/server:/home/timothyduke/Documents/SDK/2018.2/tps/lnx64/jre/lib/amd64:/home/timothyduke/Documents/SDK/2018.2/tps/lnx64/jre/../lib/amd64:/home/timothyduke/Documents/SDK/2018.2/lib/lnx64.o/Ubuntu:/home/timothyduke/Documents/SDK/2018.2/lib/lnx64.o:/home/timothyduke/Documents/SDK/2018.2/tps/lnx64/jre/lib/amd64:/home/timothyduke/Documents/SDK/2018.2/tps/lnx64/jre/lib/amd64/server:/home/timothyduke/Documents/SDx/2018.2/lib/lnx64.o/Ubuntu:/home/timothyduke/Documents/SDx/2018.2/lib/lnx64.o:/home/timothyduke/Documents/SDK/2018.2/bin/../lnx64/tools/dot/lib:/home/timothyduke/Documents/SDx/2018.2/bin/../lnx64/tools/dot/lib:/home/timothyduke/Documents/SDx/2018.2/bin/../lnx64/tools/dot/lib
PYTHONHOME=/home/timothyduke/Documents/SDx/2018.2/tps/lnx64/python-2.7.5/
XDG_MENU_PREFIX=gnome-
XILINX_DSP=
RDI_PATCHROOT=
RT_LIBPATH=/home/timothyduke/Documents/SDx/2018.2/scripts/rt/data
LANG=en_US.UTF-8
DISPLAY=:0
XILINX_RS_PORT=40167
RDI_INSTALLROOT=/home/timothyduke/Documents
OLDPWD=/home/timothyduke/Documents/SDx/2018.2/bin
SWT_GTK3=0
GDK_SCALE=1
GNOME_SHELL_SESSION_MODE=ubuntu
XFILESEARCHPATH=/usr/dt/app-defaults/%L/Dt
RDI_PREPEND_PATH=/home/timothyduke/Documents/SDK/2018.2/bin:/home/timothyduke/Documents/SDK/2018.2/bin:/home/timothyduke/Documents/SDK/2018.2/bin
USERNAME=timothyduke
XDG_VTNR=1
GIO_LAUNCHED_DESKTOP_FILE_PID=6874
SSH_AUTH_SOCK=/run/user/1000/keyring/ssh
OXYGEN_DISABLE_INNER_SHADOWS_HACK=1
MFLAGS=
XILINX_VIVADO=/home/timothyduke/Documents/Vivado/2018.2
XILINX_SDK=/home/timothyduke/Documents/SDK/2018.2
XILINX_SDX=/home/timothyduke/Documents/SDx/2018.2
XILINX_PLANAHEAD=/home/timothyduke/Documents/SDx/2018.2
XDG_SESSION_ID=1
USER=timothyduke
DESKTOP_SESSION=ubuntu
XILINX_OPENCL=/home/timothyduke/Documents/SDx/2018.2
RDI_BASEROOT=/home/timothyduke/Documents/SDx
QT4_IM_MODULE=xim
RDI_INSTALLVER=2018.2
TEXTDOMAINDIR=/usr/share/locale/
PWD=/home/timothyduke/workspace/SeniorDesign/Debug
HOME=/home/timothyduke
TEXTDOMAIN=im-config
XILINX_XD=/home/timothyduke/Documents/SDx/2018.2
SSH_AGENT_PID=1101
QT_ACCESSIBILITY=1
TCL_LIBRARY=/home/timothyduke/Documents/SDx/2018.2/tps/tcl/tcl8.5
XDG_SESSION_TYPE=x11
XIL_CHECK_TCL_DEBUG=False
XILINX_VIVADO_HLS=/home/timothyduke/Documents/Vivado/2018.2
RDI_APPROOT=/home/timothyduke/Documents/SDx/2018.2
XDG_DATA_DIRS=/usr/share/ubuntu:/usr/local/share:/usr/share:/var/lib/snapd/desktop
_RDI_DONT_SET_XILINX_AS_PATH=True
MYVIVADO=
RDI_TPS_ROOT=/home/timothyduke/Documents/Vivado/2018.2/tps/lnx64
RDI_BUILD=yes
NLSPATH=/usr/dt/lib/nls/msg/%L/%N.cat
ISL_IOSTREAMS_RSA=/home/timothyduke/Documents/SDx/2018.2/tps/isl
XDG_SESSION_DESKTOP=ubuntu
RDI_PLATFORM=lnx64
RDI_BINROOT=/home/timothyduke/Documents/SDx/2018.2/bin
RDI_PROG=/home/timothyduke/Documents/SDx/2018.2/bin/unwrapped/lnx64.o/vpl
HDIPRELDPATH=/home/timothyduke/Documents/SDx/2018.2/lib/lnx64.o/Ubuntu:/home/timothyduke/Documents/SDx/2018.2/lib/lnx64.o:/home/timothyduke/Documents/SDx/2018.2/lib/lnx64.o/Ubuntu:/home/timothyduke/Documents/SDx/2018.2/lib/lnx64.o:/home/timothyduke/Documents/SDx/2018.2/tps/lnx64/jre/lib/amd64:/home/timothyduke/Documents/SDx/2018.2/tps/lnx64/jre/lib/amd64/server:/home/timothyduke/Documents/SDK/2018.2/tps/lnx64/jre/lib/amd64/server:/home/timothyduke/Documents/SDK/2018.2/tps/lnx64/jre/lib/amd64:/home/timothyduke/Documents/SDK/2018.2/tps/lnx64/jre/../lib/amd64:/home/timothyduke/Documents/SDK/2018.2/lib/lnx64.o/Ubuntu:/home/timothyduke/Documents/SDK/2018.2/lib/lnx64.o:/home/timothyduke/Documents/SDK/2018.2/tps/lnx64/jre/lib/amd64:/home/timothyduke/Documents/SDK/2018.2/tps/lnx64/jre/lib/amd64/server:/home/timothyduke/Documents/SDx/2018.2/lib/lnx64.o/Ubuntu:/home/timothyduke/Documents/SDx/2018.2/lib/lnx64.o:/home/timothyduke/Documents/SDK/2018.2/bin/../lnx64/tools/dot/lib:/home/timothyduke/Documents/SDx/2018.2/bin/../lnx64/tools/dot/lib:/home/timothyduke/Documents/SDx/2018.2/bin/../lnx64/tools/dot/lib
RDI_DATADIR=/home/timothyduke/Documents/SDx/2018.2/data
GTK_MODULES=gail:atk-bridge
SYNTH_COMMON=/home/timothyduke/Documents/SDx/2018.2/scripts/rt/data
WINDOWPATH=1
LIBOVERLAY_SCROLLBAR=0
SHELL=/bin/bash
XILINX_RS_SESSION=82530b3b-2cb6-4759-9b83-1726f9cd1a11
QT_IM_MODULE=xim
XMODIFIERS=@im=ibus
IM_CONFIG_PHASE=2
XDG_CURRENT_DESKTOP=ubuntu:GNOME
GPG_AGENT_INFO=/run/user/1000/gnupg/S.gpg-agent:0:1
MAKELEVEL=1
GIO_LAUNCHED_DESKTOP_FILE=/home/timothyduke/Desktop/SDx IDE 2018.2.desktop
HDI_APPROOT=/home/timothyduke/Documents/SDx/2018.2
XDG_SEAT=seat0
SHLVL=7
CWD=/home/timothyduke/workspace/SeniorDesign/Debug
PYTHONPATH=/home/timothyduke/Documents/SDx/2018.2/tps/lnx64/python-2.7.5/lib/python2.7/lib-dynload/:/home/timothyduke/Documents/SDx/2018.2/tps/lnx64/python-2.7.5/lib/python2.7/
XIL_NO_OVERRIDE=0
RDI_OPT_EXT=.o
GDMSESSION=ubuntu
LOGNAME=timothyduke
DBUS_SESSION_BUS_ADDRESS=unix:path=/run/user/1000/bus
XIL_SUPPRESS_OVERRIDE_WARNINGS=1
XDG_RUNTIME_DIR=/run/user/1000
XAUTHORITY=/run/user/1000/gdm/Xauthority
RDI_VERBOSE=0
XDG_CONFIG_DIRS=/etc/xdg/xdg-ubuntu:/etc/xdg
PATH=/home/timothyduke/Documents/SDx/2018.2/bin/../gnu/binutils/bin:/home/timothyduke/Documents/SDK/2018.2/gnu/aarch64/lin/aarch64-linux/bin:/home/timothyduke/Documents/SDx/2018.2/bin/../gnu/ppc64le/4.9.3/lnx64/bin:/home/timothyduke/Documents/SDK/2018.2/gnu/aarch32/lin/gcc-arm-linux-gnueabi/bin:/home/timothyduke/Documents/Vivado/2018.2/lnx64/tools/gcc/bin:/home/timothyduke/Documents/SDx/2018.2/bin:/home/timothyduke/Documents/SDx/2018.2/tps/lnx64/jre/bin:/home/timothyduke/Documents/SDK/2018.2/bin:/home/timothyduke/Documents/Vivado/2018.2/bin:/home/timothyduke/Documents/SDx/2018.2/tps/lnx64/libxslt/bin:/home/timothyduke/Documents/SDK/2018.2/gnu/arm/lin/bin:/home/timothyduke/Documents/SDK/2018.2/gnu/microblaze/lin/bin:/home/timothyduke/Documents/SDK/2018.2/gnu/microblaze/linux_toolchain/lin64_le/bin:/home/timothyduke/Documents/SDK/2018.2/gnu/microblaze/linux_toolchain/lin64_be/bin:/home/timothyduke/Documents/SDK/2018.2/gnu/aarch64/lin/aarch64-none/bin:/home/timothyduke/Documents/SDK/2018.2/gnu/aarch64/lin/aarch64-linux/bin:/home/timothyduke/Documents/SDK/2018.2/gnu/armr5/lin/gcc-arm-none-eabi/bin:/home/timothyduke/Documents/SDK/2018.2/gnu/aarch32/lin/gcc-arm-none-eabi/bin:/home/timothyduke/Documents/SDK/2018.2/gnu/aarch32/lin/gcc-arm-linux-gnueabi/bin:/home/timothyduke/Documents/SDK/2018.2/tps/lnx64/cmake-3.3.2/bin::/home/timothyduke/Documents/SDK/2018.2/tps/lnx64/jre/bin:/usr/local/sbin:/usr/local/bin:/usr/sbin:/usr/bin:/sbin:/bin:/usr/games:/usr/local/games:/snap/bin
RDI_JAVA_PLATFORM=amd64
MAKEFLAGS=
HDI_PROCESSOR=x86_64
SESSION_MANAGER=local/timothyduke-MacBookPro:@/tmp/.ICE-unix/1006,unix/timothyduke-MacBookPro:/tmp/.ICE-unix/1006
RDI_LIBDIR=/home/timothyduke/Documents/SDx/2018.2/lib/lnx64.o/Ubuntu:/home/timothyduke/Documents/SDx/2018.2/lib/lnx64.o
GTK_IM_MODULE=ibus
_=/home/timothyduke/Documents/SDx/2018.2/bin/unwrapped/lnx64.o/vpl


------------------------------------------
internal step: generating ipirun.tcl for vivado
timestamp: 18 Jan 2019 14:47:40
------------------------------------------
step: running vivado to generate bitstream
timestamp: 18 Jan 2019 14:47:40
launch dir: /home/timothyduke/workspace/SeniorDesign/Debug/_sds/p0/vivado
cmd: /home/timothyduke/Documents/Vivado/2018.2/bin/vivado -mode batch -notrace -source /home/timothyduke/workspace/SeniorDesign/Debug/_sds/p0/vivado/ipirun.tcl -messageDb /home/timothyduke/workspace/SeniorDesign/Debug/_sds/p0/vivado/vivado.pb
   -----------------------
   internal step: creating sdx tcl hooks for implementation run
   timestamp: 18 January 2019 14:47:49
   -----------------------
   internal step: source .local/dsa/prj/rebuild.tcl
   timestamp: 18 January 2019 14:47:49
   -----------------------
   internal step: open_bd_design -auto_upgrade [get_files Arty_Z7_20.bd]
   timestamp: 18 January 2019 14:47:59
   -----------------------
   internal step: source .local/top.bd.tcl
   timestamp: 18 January 2019 14:48:04
   -----------------------
   internal step: inserting profiling and debug cores
   timestamp: 18 January 2019 14:48:04
   -----------------------
   internal step: assign_bd_address
   timestamp: 18 January 2019 14:48:04
   -----------------------
   internal step: writing address_map.xml
   timestamp: 18 January 2019 14:48:06
   -----------------------
   internal step: generate_target all [get_files Arty_Z7_20.bd]
   timestamp: 18 January 2019 14:48:06
   -----------------------
   internal step: write_hwdef -force -file output/system.hdf
   timestamp: 18 January 2019 14:48:09
   -----------------------
   internal step: add_files -norecurse [make_wrapper -top -files [get_files Arty_Z7_20.bd]]
   timestamp: 18 January 2019 14:48:12
   -----------------------
   internal step: source scripts/_vivado_report_commands.tcl
   timestamp: 18 January 2019 14:48:12
   -----------------------
   internal step: source scripts/_vivado_synth_props.tcl
   timestamp: 18 January 2019 14:48:12
   -----------------------
   internal step: source scripts/_vivado_impl_props.tcl
   timestamp: 18 January 2019 14:48:20
   -----------------------
   internal step: launch_runs synth_1 -jobs 4  
   timestamp: 18 January 2019 14:48:20
   -----------------------
   internal step: log_generated_reports for synthesis 'output/generated_reports.log'
   timestamp: 18 January 2019 14:49:43
   -----------------------
   internal step: launched run synth_1
   timestamp: 18 January 2019 14:49:43
   -----------------------
   internal step: launch_runs impl_1 -to_step write_bitstream 
   timestamp: 18 January 2019 14:49:43
   -----------------------
   internal step: log_generated_reports for implementation 'output/generated_reports.log'
   timestamp: 18 January 2019 14:52:56
status: success
