Copyright 1986-2018 Xilinx, Inc. All Rights Reserved.
-----------------------------------------------------------------------------------------------
| Tool Version : Vivado v.2018.2 (lin64) Build 2258646 Thu Jun 14 20:02:38 MDT 2018
| Date         : Fri Jan 18 14:51:50 2019
| Host         : timothyduke-MacBookPro running 64-bit Ubuntu 18.04.1 LTS
| Command      : report_control_sets -verbose -file Arty_Z7_20_wrapper_control_sets_placed.rpt
| Design       : Arty_Z7_20_wrapper
| Device       : xc7z020
-----------------------------------------------------------------------------------------------

Control Set Information

Table of Contents
-----------------
1. Summary
2. Histogram
3. Flip-Flop Distribution
4. Detailed Control Set Information

1. Summary
----------

+----------------------------------------------------------+-------+
|                          Status                          | Count |
+----------------------------------------------------------+-------+
| Number of unique control sets                            |    97 |
| Unused register locations in slices containing registers |   158 |
+----------------------------------------------------------+-------+


2. Histogram
------------

+--------+--------------+
| Fanout | Control Sets |
+--------+--------------+
|      2 |            1 |
|      4 |            2 |
|      8 |           22 |
|     10 |            4 |
|     12 |            4 |
|     14 |            1 |
|    16+ |           63 |
+--------+--------------+


3. Flip-Flop Distribution
-------------------------

+--------------+-----------------------+------------------------+-----------------+--------------+
| Clock Enable | Synchronous Set/Reset | Asynchronous Set/Reset | Total Registers | Total Slices |
+--------------+-----------------------+------------------------+-----------------+--------------+
| No           | No                    | No                     |             816 |          135 |
| No           | No                    | Yes                    |               0 |            0 |
| No           | Yes                   | No                     |             904 |          158 |
| Yes          | No                    | No                     |             874 |           94 |
| Yes          | No                    | Yes                    |               0 |            0 |
| Yes          | Yes                   | No                     |             920 |          132 |
+--------------+-----------------------+------------------------+-----------------+--------------+


4. Detailed Control Set Information
-----------------------------------

+---------------------------------------------------+------------------------------------------------------------------------------------------------------------------------------------------------------------------+----------------------------------------------------------------------------------------------------------------------------------------------+------------------+----------------+
|                    Clock Signal                   |                                                                           Enable Signal                                                                          |                                                               Set/Reset Signal                                                               | Slice Load Count | Bel Load Count |
+---------------------------------------------------+------------------------------------------------------------------------------------------------------------------------------------------------------------------+----------------------------------------------------------------------------------------------------------------------------------------------+------------------+----------------+
|  Arty_Z7_20_i/processing_system7_0/inst/FCLK_CLK0 | Arty_Z7_20_i/axi_iic_0/U0/X_IIC/REG_INTERFACE_I/p_3_in                                                                                                           | Arty_Z7_20_i/axi_iic_0/U0/X_IIC/REG_INTERFACE_I/Tx_fifo_rst                                                                                  |                1 |              2 |
|  Arty_Z7_20_i/processing_system7_0/inst/FCLK_CLK0 | Arty_Z7_20_i/ps7_0_axi_periph/s00_couplers/auto_pc/inst/gen_axilite.gen_b2s_conv.axilite_b2s/WR.b_channel_0/bid_fifo_0/bresp_push                                |                                                                                                                                              |                1 |              4 |
|  Arty_Z7_20_i/processing_system7_0/inst/FCLK_CLK0 | Arty_Z7_20_i/axi_iic_0/U0/X_IIC/WRITE_FIFO_CTRL_I/CI                                                                                                             |                                                                                                                                              |                1 |              4 |
|  Arty_Z7_20_i/processing_system7_0/inst/FCLK_CLK0 |                                                                                                                                                                  | Arty_Z7_20_i/ps7_0_axi_periph/s00_couplers/auto_pc/inst/gen_axilite.gen_b2s_conv.axilite_b2s/SI_REG/ar.ar_pipe/m_valid_i_reg_0               |                2 |              8 |
|  Arty_Z7_20_i/processing_system7_0/inst/FCLK_CLK0 | Arty_Z7_20_i/axi_iic_0/U0/X_IIC/X_AXI_IPIF_SSP1/AXI_LITE_IPIF_I/I_SLAVE_ATTACHMENT/I_DECODER/Bus2IIC_WrCE[8]                                                     | Arty_Z7_20_i/axi_iic_0/U0/X_IIC/X_AXI_IPIF_SSP1/X_SOFT_RESET/SR[0]                                                                           |                1 |              8 |
|  Arty_Z7_20_i/processing_system7_0/inst/FCLK_CLK0 | Arty_Z7_20_i/axi_iic_0/U0/X_IIC/WRITE_FIFO_I/Tx_data_exists                                                                                                      | Arty_Z7_20_i/axi_iic_0/U0/X_IIC/REG_INTERFACE_I/Tx_fifo_rst                                                                                  |                1 |              8 |
|  Arty_Z7_20_i/processing_system7_0/inst/FCLK_CLK0 | Arty_Z7_20_i/axi_iic_0/U0/X_IIC/WRITE_FIFO_CTRL_I/Addr_Counters[0].FDRE_I_0                                                                                      | Arty_Z7_20_i/axi_iic_0/U0/X_IIC/REG_INTERFACE_I/Tx_fifo_rst                                                                                  |                1 |              8 |
|  Arty_Z7_20_i/processing_system7_0/inst/FCLK_CLK0 | Arty_Z7_20_i/axi_iic_0/U0/X_IIC/READ_FIFO_I/Rc_Data_Exists                                                                                                       | Arty_Z7_20_i/axi_iic_0/U0/X_IIC/X_AXI_IPIF_SSP1/X_SOFT_RESET/SR[0]                                                                           |                1 |              8 |
|  Arty_Z7_20_i/processing_system7_0/inst/FCLK_CLK0 | Arty_Z7_20_i/axi_gpio_0/U0/AXI_LITE_IPIF_I/I_SLAVE_ATTACHMENT/start2                                                                                             | Arty_Z7_20_i/axi_gpio_0/U0/AXI_LITE_IPIF_I/I_SLAVE_ATTACHMENT/I_DECODER/cs_ce_clr                                                            |                1 |              8 |
|  Arty_Z7_20_i/processing_system7_0/inst/FCLK_CLK0 | Arty_Z7_20_i/axi_gpio_0/U0/AXI_LITE_IPIF_I/I_SLAVE_ATTACHMENT/I_DECODER/Dual.gpio_OE_reg[0][0]                                                                   | Arty_Z7_20_i/axi_gpio_0/U0/AXI_LITE_IPIF_I/I_SLAVE_ATTACHMENT/SR[0]                                                                          |                1 |              8 |
|  Arty_Z7_20_i/processing_system7_0/inst/FCLK_CLK0 | Arty_Z7_20_i/axi_iic_0/U0/X_IIC/IIC_CONTROL_I/FSM_sequential_scl_state[3]_i_2_n_0                                                                                | Arty_Z7_20_i/axi_iic_0/U0/X_IIC/REG_INTERFACE_I/q_int_reg[0]                                                                                 |                3 |              8 |
|  Arty_Z7_20_i/processing_system7_0/inst/FCLK_CLK0 | Arty_Z7_20_i/axi_gpio_0/U0/AXI_LITE_IPIF_I/I_SLAVE_ATTACHMENT/bus2ip_addr_i[8]_i_1_n_0                                                                           | Arty_Z7_20_i/axi_gpio_0/U0/AXI_LITE_IPIF_I/I_SLAVE_ATTACHMENT/SR[0]                                                                          |                1 |              8 |
|  Arty_Z7_20_i/processing_system7_0/inst/FCLK_CLK0 | Arty_Z7_20_i/axi_iic_0/U0/X_IIC/IIC_CONTROL_I/BITCNT/q_int[0]_i_1__0_n_0                                                                                         | Arty_Z7_20_i/axi_iic_0/U0/X_IIC/REG_INTERFACE_I/q_int_reg[0]                                                                                 |                1 |              8 |
|  Arty_Z7_20_i/processing_system7_0/inst/FCLK_CLK0 |                                                                                                                                                                  | Arty_Z7_20_i/ps7_0_axi_periph/s00_couplers/auto_pc/inst/gen_axilite.gen_b2s_conv.axilite_b2s/SI_REG/aw.aw_pipe/s_ready_i_reg_0               |                2 |              8 |
|  Arty_Z7_20_i/processing_system7_0/inst/FCLK_CLK0 |                                                                                                                                                                  | Arty_Z7_20_i/axi_gpio_1/U0/AXI_LITE_IPIF_I/I_SLAVE_ATTACHMENT/clear                                                                          |                1 |              8 |
|  Arty_Z7_20_i/processing_system7_0/inst/FCLK_CLK0 |                                                                                                                                                                  | Arty_Z7_20_i/axi_gpio_2/U0/AXI_LITE_IPIF_I/I_SLAVE_ATTACHMENT/clear                                                                          |                1 |              8 |
|  Arty_Z7_20_i/processing_system7_0/inst/FCLK_CLK0 | Arty_Z7_20_i/axi_gpio_1/U0/AXI_LITE_IPIF_I/I_SLAVE_ATTACHMENT/start2                                                                                             | Arty_Z7_20_i/axi_gpio_1/U0/AXI_LITE_IPIF_I/I_SLAVE_ATTACHMENT/I_DECODER/cs_ce_clr                                                            |                1 |              8 |
|  Arty_Z7_20_i/processing_system7_0/inst/FCLK_CLK0 | Arty_Z7_20_i/ps7_0_axi_periph/s00_couplers/auto_pc/inst/gen_axilite.gen_b2s_conv.axilite_b2s/WR.aw_channel_0/aw_cmd_fsm_0/axaddr_wrap_reg[11][0]                 | Arty_Z7_20_i/ps7_0_axi_periph/s00_couplers/auto_pc/inst/gen_axilite.gen_b2s_conv.axilite_b2s/WR.aw_channel_0/aw_cmd_fsm_0/axlen_cnt_reg[7]_1 |                1 |              8 |
|  Arty_Z7_20_i/processing_system7_0/inst/FCLK_CLK0 |                                                                                                                                                                  | Arty_Z7_20_i/axi_gpio_0/U0/AXI_LITE_IPIF_I/I_SLAVE_ATTACHMENT/clear                                                                          |                1 |              8 |
|  Arty_Z7_20_i/processing_system7_0/inst/FCLK_CLK0 | Arty_Z7_20_i/ps7_0_axi_periph/s00_couplers/auto_pc/inst/gen_axilite.gen_b2s_conv.axilite_b2s/RD.ar_channel_0/ar_cmd_fsm_0/E[0]                                   | Arty_Z7_20_i/ps7_0_axi_periph/s00_couplers/auto_pc/inst/gen_axilite.gen_b2s_conv.axilite_b2s/RD.ar_channel_0/ar_cmd_fsm_0/axlen_cnt_reg[7]   |                2 |              8 |
|  Arty_Z7_20_i/processing_system7_0/inst/FCLK_CLK0 | Arty_Z7_20_i/axi_gpio_1/U0/AXI_LITE_IPIF_I/I_SLAVE_ATTACHMENT/I_DECODER/E[0]                                                                                     | Arty_Z7_20_i/axi_gpio_1/U0/AXI_LITE_IPIF_I/I_SLAVE_ATTACHMENT/SR[0]                                                                          |                1 |              8 |
|  Arty_Z7_20_i/processing_system7_0/inst/FCLK_CLK0 | Arty_Z7_20_i/axi_gpio_1/U0/AXI_LITE_IPIF_I/I_SLAVE_ATTACHMENT/I_DECODER/Not_Dual.gpio_OE_reg[0][0]                                                               | Arty_Z7_20_i/axi_gpio_1/U0/AXI_LITE_IPIF_I/I_SLAVE_ATTACHMENT/SR[0]                                                                          |                1 |              8 |
|  Arty_Z7_20_i/processing_system7_0/inst/FCLK_CLK0 |                                                                                                                                                                  | Arty_Z7_20_i/axi_iic_0/U0/X_IIC/X_AXI_IPIF_SSP1/AXI_LITE_IPIF_I/I_SLAVE_ATTACHMENT/INCLUDE_DPHASE_TIMER.dpto_cnt[3]_i_1_n_0                  |                1 |              8 |
|  Arty_Z7_20_i/processing_system7_0/inst/FCLK_CLK0 | Arty_Z7_20_i/axi_gpio_1/U0/AXI_LITE_IPIF_I/I_SLAVE_ATTACHMENT/bus2ip_addr_i[8]_i_1_n_0                                                                           | Arty_Z7_20_i/axi_gpio_1/U0/AXI_LITE_IPIF_I/I_SLAVE_ATTACHMENT/SR[0]                                                                          |                1 |              8 |
|  Arty_Z7_20_i/processing_system7_0/inst/FCLK_CLK0 |                                                                                                                                                                  | Arty_Z7_20_i/axi_gpio_3/U0/AXI_LITE_IPIF_I/I_SLAVE_ATTACHMENT/clear                                                                          |                1 |              8 |
|  Arty_Z7_20_i/processing_system7_0/inst/FCLK_CLK0 | Arty_Z7_20_i/axi_gpio_0/U0/AXI_LITE_IPIF_I/I_SLAVE_ATTACHMENT/s_axi_rresp_i                                                                                      | Arty_Z7_20_i/axi_gpio_0/U0/AXI_LITE_IPIF_I/I_SLAVE_ATTACHMENT/SR[0]                                                                          |                1 |             10 |
|  Arty_Z7_20_i/processing_system7_0/inst/FCLK_CLK0 |                                                                                                                                                                  | Arty_Z7_20_i/rst_ps7_0_100M/U0/EXT_LPF/lpf_int                                                                                               |                3 |             10 |
|  Arty_Z7_20_i/processing_system7_0/inst/FCLK_CLK0 | Arty_Z7_20_i/axi_iic_0/U0/X_IIC/X_AXI_IPIF_SSP1/AXI_LITE_IPIF_I/I_SLAVE_ATTACHMENT/I_DECODER/Bus2IIC_WrCE[11]                                                    | Arty_Z7_20_i/axi_iic_0/U0/X_IIC/X_AXI_IPIF_SSP1/X_SOFT_RESET/SR[0]                                                                           |                2 |             10 |
|  Arty_Z7_20_i/processing_system7_0/inst/FCLK_CLK0 | Arty_Z7_20_i/axi_gpio_1/U0/AXI_LITE_IPIF_I/I_SLAVE_ATTACHMENT/s_axi_rresp_i                                                                                      | Arty_Z7_20_i/axi_gpio_1/U0/AXI_LITE_IPIF_I/I_SLAVE_ATTACHMENT/SR[0]                                                                          |                2 |             10 |
|  Arty_Z7_20_i/processing_system7_0/inst/FCLK_CLK0 |                                                                                                                                                                  | Arty_Z7_20_i/axi_iic_0/U0/X_IIC/REG_INTERFACE_I/Tx_fifo_rst                                                                                  |                4 |             12 |
|  Arty_Z7_20_i/processing_system7_0/inst/FCLK_CLK0 |                                                                                                                                                                  | Arty_Z7_20_i/axi_gpio_0/U0/AXI_LITE_IPIF_I/I_SLAVE_ATTACHMENT/I_DECODER/Dual.ALLIN0_ND_G0.READ_REG_GEN[0].reg1_reg[28]                       |                3 |             12 |
|  Arty_Z7_20_i/processing_system7_0/inst/FCLK_CLK0 |                                                                                                                                                                  | Arty_Z7_20_i/axi_iic_0/U0/X_IIC/X_AXI_IPIF_SSP1/X_SOFT_RESET/AXI_Bus2IP_Reset                                                                |                2 |             12 |
|  Arty_Z7_20_i/processing_system7_0/inst/FCLK_CLK0 | Arty_Z7_20_i/rst_ps7_0_100M/U0/SEQ/seq_cnt_en                                                                                                                    | Arty_Z7_20_i/rst_ps7_0_100M/U0/SEQ/SEQ_COUNTER/clear                                                                                         |                1 |             12 |
|  Arty_Z7_20_i/processing_system7_0/inst/FCLK_CLK0 | Arty_Z7_20_i/axi_iic_0/U0/X_IIC/X_AXI_IPIF_SSP1/AXI_LITE_IPIF_I/I_SLAVE_ATTACHMENT/I_DECODER/Bus2IIC_WrCE[9]                                                     | Arty_Z7_20_i/axi_iic_0/U0/X_IIC/X_AXI_IPIF_SSP1/X_SOFT_RESET/SR[0]                                                                           |                1 |             14 |
|  Arty_Z7_20_i/processing_system7_0/inst/FCLK_CLK0 | Arty_Z7_20_i/axi_iic_0/U0/X_IIC/IIC_CONTROL_I/I2CDATA_REG/data_int[7]_i_1_n_0                                                                                    | Arty_Z7_20_i/axi_iic_0/U0/X_IIC/REG_INTERFACE_I/q_int_reg[0]                                                                                 |                2 |             16 |
|  Arty_Z7_20_i/processing_system7_0/inst/FCLK_CLK0 | Arty_Z7_20_i/axi_iic_0/U0/X_IIC/DYN_MASTER_I/rdByteCntr[0]_i_1_n_0                                                                                               | Arty_Z7_20_i/axi_iic_0/U0/X_IIC/REG_INTERFACE_I/Tx_fifo_rst                                                                                  |                3 |             16 |
|  Arty_Z7_20_i/processing_system7_0/inst/FCLK_CLK0 | Arty_Z7_20_i/axi_iic_0/U0/X_IIC/IIC_CONTROL_I/i2c_header_en                                                                                                      | Arty_Z7_20_i/axi_iic_0/U0/X_IIC/REG_INTERFACE_I/q_int_reg[0]                                                                                 |                1 |             16 |
|  Arty_Z7_20_i/processing_system7_0/inst/FCLK_CLK0 | Arty_Z7_20_i/axi_iic_0/U0/X_IIC/IIC_CONTROL_I/data_i2c_i0                                                                                                        | Arty_Z7_20_i/axi_iic_0/U0/X_IIC/REG_INTERFACE_I/q_int_reg[0]                                                                                 |                1 |             16 |
|  Arty_Z7_20_i/processing_system7_0/inst/FCLK_CLK0 | Arty_Z7_20_i/ps7_0_axi_periph/s00_couplers/auto_pc/inst/gen_axilite.gen_b2s_conv.axilite_b2s/WR.b_channel_0/mhandshake_r                                         | Arty_Z7_20_i/ps7_0_axi_periph/s00_couplers/auto_pc/inst/gen_axilite.gen_b2s_conv.axilite_b2s/WR.b_channel_0/bid_fifo_0/SR[0]                 |                3 |             16 |
|  Arty_Z7_20_i/processing_system7_0/inst/FCLK_CLK0 | Arty_Z7_20_i/axi_iic_0/U0/X_IIC/READ_FIFO_I/CI                                                                                                                   |                                                                                                                                              |                1 |             16 |
|  Arty_Z7_20_i/processing_system7_0/inst/FCLK_CLK0 | Arty_Z7_20_i/axi_gpio_3/U0/AXI_LITE_IPIF_I/I_SLAVE_ATTACHMENT/bus2ip_addr_i[8]_i_1_n_0                                                                           | Arty_Z7_20_i/axi_gpio_3/U0/bus2ip_reset                                                                                                      |                2 |             16 |
|  Arty_Z7_20_i/processing_system7_0/inst/FCLK_CLK0 | Arty_Z7_20_i/axi_gpio_2/U0/AXI_LITE_IPIF_I/I_SLAVE_ATTACHMENT/bus2ip_addr_i[8]_i_1_n_0                                                                           | Arty_Z7_20_i/axi_gpio_2/U0/bus2ip_reset                                                                                                      |                2 |             16 |
|  Arty_Z7_20_i/processing_system7_0/inst/FCLK_CLK0 | Arty_Z7_20_i/axi_iic_0/U0/X_IIC/X_AXI_IPIF_SSP1/AXI_LITE_IPIF_I/I_SLAVE_ATTACHMENT/I_DECODER/E[0]                                                                | Arty_Z7_20_i/axi_iic_0/U0/X_IIC/X_AXI_IPIF_SSP1/X_SOFT_RESET/SR[0]                                                                           |                2 |             16 |
|  Arty_Z7_20_i/processing_system7_0/inst/FCLK_CLK0 |                                                                                                                                                                  | Arty_Z7_20_i/axi_gpio_1/U0/gpio_core_1/Read_Reg_Rst                                                                                          |                2 |             16 |
|  Arty_Z7_20_i/processing_system7_0/inst/FCLK_CLK0 | Arty_Z7_20_i/axi_iic_0/U0/X_IIC/WRITE_FIFO_I/CI                                                                                                                  |                                                                                                                                              |                1 |             16 |
|  Arty_Z7_20_i/processing_system7_0/inst/FCLK_CLK0 | Arty_Z7_20_i/axi_iic_0/U0/X_IIC/X_AXI_IPIF_SSP1/AXI_LITE_IPIF_I/I_SLAVE_ATTACHMENT/I_DECODER/Bus2IIC_WrCE[6]                                                     | Arty_Z7_20_i/axi_iic_0/U0/X_IIC/X_AXI_IPIF_SSP1/X_SOFT_RESET/SR[0]                                                                           |                3 |             20 |
|  Arty_Z7_20_i/processing_system7_0/inst/FCLK_CLK0 | Arty_Z7_20_i/axi_iic_0/U0/X_IIC/X_AXI_IPIF_SSP1/AXI_LITE_IPIF_I/I_SLAVE_ATTACHMENT/I_DECODER/Bus2IIC_WrCE[3]                                                     | Arty_Z7_20_i/axi_iic_0/U0/X_IIC/X_AXI_IPIF_SSP1/X_SOFT_RESET/SR[0]                                                                           |                4 |             20 |
|  Arty_Z7_20_i/processing_system7_0/inst/FCLK_CLK0 | Arty_Z7_20_i/axi_iic_0/U0/X_IIC/IIC_CONTROL_I/CLKCNT/q_int[0]_i_1__1_n_0                                                                                         | Arty_Z7_20_i/axi_iic_0/U0/X_IIC/REG_INTERFACE_I/q_int_reg[0]                                                                                 |                5 |             20 |
|  Arty_Z7_20_i/processing_system7_0/inst/FCLK_CLK0 | Arty_Z7_20_i/axi_iic_0/U0/X_IIC/IIC_CONTROL_I/SETUP_CNT/q_int[0]_i_1_n_0                                                                                         | Arty_Z7_20_i/axi_iic_0/U0/X_IIC/REG_INTERFACE_I/q_int_reg[0]                                                                                 |                3 |             20 |
|  Arty_Z7_20_i/processing_system7_0/inst/FCLK_CLK0 | Arty_Z7_20_i/axi_iic_0/U0/X_IIC/X_AXI_IPIF_SSP1/AXI_LITE_IPIF_I/I_SLAVE_ATTACHMENT/I_DECODER/Bus2IIC_WrCE[7]                                                     | Arty_Z7_20_i/axi_iic_0/U0/X_IIC/X_AXI_IPIF_SSP1/X_SOFT_RESET/SR[0]                                                                           |                4 |             20 |
|  Arty_Z7_20_i/processing_system7_0/inst/FCLK_CLK0 | Arty_Z7_20_i/axi_iic_0/U0/X_IIC/X_AXI_IPIF_SSP1/AXI_LITE_IPIF_I/I_SLAVE_ATTACHMENT/bus2ip_addr_i[8]_i_1_n_0                                                      | Arty_Z7_20_i/axi_iic_0/U0/X_IIC/X_AXI_IPIF_SSP1/AXI_LITE_IPIF_I/I_SLAVE_ATTACHMENT/rst                                                       |                3 |             20 |
|  Arty_Z7_20_i/processing_system7_0/inst/FCLK_CLK0 | Arty_Z7_20_i/axi_iic_0/U0/X_IIC/X_AXI_IPIF_SSP1/AXI_LITE_IPIF_I/I_SLAVE_ATTACHMENT/I_DECODER/Bus2IIC_WrCE[2]                                                     | Arty_Z7_20_i/axi_iic_0/U0/X_IIC/X_AXI_IPIF_SSP1/X_SOFT_RESET/SR[0]                                                                           |                3 |             20 |
|  Arty_Z7_20_i/processing_system7_0/inst/FCLK_CLK0 | Arty_Z7_20_i/axi_iic_0/U0/X_IIC/X_AXI_IPIF_SSP1/AXI_LITE_IPIF_I/I_SLAVE_ATTACHMENT/I_DECODER/Bus2IIC_WrCE[5]                                                     | Arty_Z7_20_i/axi_iic_0/U0/X_IIC/X_AXI_IPIF_SSP1/X_SOFT_RESET/SR[0]                                                                           |                3 |             20 |
|  Arty_Z7_20_i/processing_system7_0/inst/FCLK_CLK0 | Arty_Z7_20_i/axi_iic_0/U0/X_IIC/X_AXI_IPIF_SSP1/AXI_LITE_IPIF_I/I_SLAVE_ATTACHMENT/I_DECODER/Bus2IIC_WrCE[0]                                                     | Arty_Z7_20_i/axi_iic_0/U0/X_IIC/X_AXI_IPIF_SSP1/X_SOFT_RESET/SR[0]                                                                           |                4 |             20 |
|  Arty_Z7_20_i/processing_system7_0/inst/FCLK_CLK0 | Arty_Z7_20_i/axi_iic_0/U0/X_IIC/X_AXI_IPIF_SSP1/AXI_LITE_IPIF_I/I_SLAVE_ATTACHMENT/I_DECODER/Bus2IIC_WrCE[1]                                                     | Arty_Z7_20_i/axi_iic_0/U0/X_IIC/X_AXI_IPIF_SSP1/X_SOFT_RESET/SR[0]                                                                           |                4 |             20 |
|  Arty_Z7_20_i/processing_system7_0/inst/FCLK_CLK0 | Arty_Z7_20_i/axi_iic_0/U0/X_IIC/X_AXI_IPIF_SSP1/AXI_LITE_IPIF_I/I_SLAVE_ATTACHMENT/I_DECODER/Bus2IIC_WrCE[4]                                                     | Arty_Z7_20_i/axi_iic_0/U0/X_IIC/X_AXI_IPIF_SSP1/X_SOFT_RESET/SR[0]                                                                           |                2 |             20 |
|  Arty_Z7_20_i/processing_system7_0/inst/FCLK_CLK0 |                                                                                                                                                                  | Arty_Z7_20_i/axi_iic_0/U0/X_IIC/X_AXI_IPIF_SSP1/AXI_LITE_IPIF_I/I_SLAVE_ATTACHMENT/rst                                                       |                4 |             22 |
|  Arty_Z7_20_i/processing_system7_0/inst/FCLK_CLK0 | Arty_Z7_20_i/ps7_0_axi_periph/s00_couplers/auto_pc/inst/gen_axilite.gen_b2s_conv.axilite_b2s/WR.aw_channel_0/aw_cmd_fsm_0/E[0]                                   |                                                                                                                                              |                3 |             24 |
|  Arty_Z7_20_i/processing_system7_0/inst/FCLK_CLK0 | Arty_Z7_20_i/axi_iic_0/U0/X_IIC/X_AXI_IPIF_SSP1/AXI_LITE_IPIF_I/I_SLAVE_ATTACHMENT/s_axi_rresp_i                                                                 | Arty_Z7_20_i/axi_iic_0/U0/X_IIC/X_AXI_IPIF_SSP1/AXI_LITE_IPIF_I/I_SLAVE_ATTACHMENT/rst                                                       |                6 |             24 |
|  Arty_Z7_20_i/processing_system7_0/inst/FCLK_CLK0 | Arty_Z7_20_i/ps7_0_axi_periph/s00_couplers/auto_pc/inst/gen_axilite.gen_b2s_conv.axilite_b2s/WR.aw_channel_0/cmd_translator_0/incr_cmd_0/axaddr_incr[11]_i_1_n_0 |                                                                                                                                              |                3 |             24 |
|  Arty_Z7_20_i/processing_system7_0/inst/FCLK_CLK0 | Arty_Z7_20_i/ps7_0_axi_periph/s00_couplers/auto_pc/inst/gen_axilite.gen_b2s_conv.axilite_b2s/RD.ar_channel_0/ar_cmd_fsm_0/wrap_boundary_axaddr_r_reg[11][0]      |                                                                                                                                              |                6 |             24 |
|  Arty_Z7_20_i/processing_system7_0/inst/FCLK_CLK0 | Arty_Z7_20_i/ps7_0_axi_periph/s00_couplers/auto_pc/inst/gen_axilite.gen_b2s_conv.axilite_b2s/RD.ar_channel_0/ar_cmd_fsm_0/axaddr_incr_reg[0][0]                  |                                                                                                                                              |                3 |             24 |
|  Arty_Z7_20_i/processing_system7_0/inst/FCLK_CLK0 | Arty_Z7_20_i/ps7_0_axi_periph/s00_couplers/auto_pc/inst/gen_axilite.gen_b2s_conv.axilite_b2s/RD.r_channel_0/r_push_r                                             |                                                                                                                                              |                4 |             26 |
|  Arty_Z7_20_i/processing_system7_0/inst/FCLK_CLK0 |                                                                                                                                                                  | Arty_Z7_20_i/ps7_0_axi_periph/xbar/inst/gen_sasd.crossbar_sasd_0/addr_arbiter_inst/SR[0]                                                     |                5 |             26 |
|  Arty_Z7_20_i/processing_system7_0/inst/FCLK_CLK0 | Arty_Z7_20_i/ps7_0_axi_periph/s00_couplers/auto_pc/inst/gen_axilite.gen_b2s_conv.axilite_b2s/SI_REG/b.b_pipe/skid_buffer_reg[0]_0                                |                                                                                                                                              |                2 |             28 |
|  Arty_Z7_20_i/processing_system7_0/inst/FCLK_CLK0 | Arty_Z7_20_i/ps7_0_axi_periph/s00_couplers/auto_pc/inst/gen_axilite.gen_b2s_conv.axilite_b2s/SI_REG/b.b_pipe/p_1_in                                              |                                                                                                                                              |                2 |             28 |
|  Arty_Z7_20_i/processing_system7_0/inst/FCLK_CLK0 | Arty_Z7_20_i/axi_gpio_2/U0/AXI_LITE_IPIF_I/I_SLAVE_ATTACHMENT/I_DECODER/Not_Dual.gpio_OE_reg[0][0]                                                               | Arty_Z7_20_i/axi_gpio_2/U0/bus2ip_reset                                                                                                      |                4 |             28 |
|  Arty_Z7_20_i/processing_system7_0/inst/FCLK_CLK0 | Arty_Z7_20_i/axi_gpio_2/U0/AXI_LITE_IPIF_I/I_SLAVE_ATTACHMENT/I_DECODER/E[0]                                                                                     | Arty_Z7_20_i/axi_gpio_2/U0/bus2ip_reset                                                                                                      |                4 |             28 |
|  Arty_Z7_20_i/processing_system7_0/inst/FCLK_CLK0 | Arty_Z7_20_i/axi_gpio_2/U0/AXI_LITE_IPIF_I/I_SLAVE_ATTACHMENT/s_axi_rresp_i                                                                                      | Arty_Z7_20_i/axi_gpio_2/U0/bus2ip_reset                                                                                                      |                5 |             32 |
|  Arty_Z7_20_i/processing_system7_0/inst/FCLK_CLK0 | Arty_Z7_20_i/ps7_0_axi_periph/s00_couplers/auto_pc/inst/gen_axilite.gen_b2s_conv.axilite_b2s/WR.aw_channel_0/aw_cmd_fsm_0/b_push                                 |                                                                                                                                              |                3 |             32 |
|  Arty_Z7_20_i/processing_system7_0/inst/FCLK_CLK0 | Arty_Z7_20_i/axi_gpio_3/U0/AXI_LITE_IPIF_I/I_SLAVE_ATTACHMENT/I_DECODER/E[0]                                                                                     | Arty_Z7_20_i/axi_gpio_3/U0/bus2ip_reset                                                                                                      |                3 |             32 |
|  Arty_Z7_20_i/processing_system7_0/inst/FCLK_CLK0 | Arty_Z7_20_i/axi_gpio_3/U0/AXI_LITE_IPIF_I/I_SLAVE_ATTACHMENT/I_DECODER/Not_Dual.gpio_OE_reg[0][0]                                                               | Arty_Z7_20_i/axi_gpio_3/U0/bus2ip_reset                                                                                                      |                2 |             32 |
|  Arty_Z7_20_i/processing_system7_0/inst/FCLK_CLK0 | Arty_Z7_20_i/axi_gpio_3/U0/AXI_LITE_IPIF_I/I_SLAVE_ATTACHMENT/s_axi_rresp_i                                                                                      | Arty_Z7_20_i/axi_gpio_3/U0/bus2ip_reset                                                                                                      |                4 |             36 |
|  Arty_Z7_20_i/processing_system7_0/inst/FCLK_CLK0 |                                                                                                                                                                  | Arty_Z7_20_i/axi_gpio_1/U0/AXI_LITE_IPIF_I/I_SLAVE_ATTACHMENT/SR[0]                                                                          |                8 |             40 |
|  Arty_Z7_20_i/processing_system7_0/inst/FCLK_CLK0 | Arty_Z7_20_i/ps7_0_axi_periph/s00_couplers/auto_pc/inst/gen_axilite.gen_b2s_conv.axilite_b2s/WR.aw_channel_0/aw_cmd_fsm_0/axaddr_wrap_reg[11][0]                 |                                                                                                                                              |                8 |             40 |
|  Arty_Z7_20_i/processing_system7_0/inst/FCLK_CLK0 | Arty_Z7_20_i/ps7_0_axi_periph/s00_couplers/auto_pc/inst/gen_axilite.gen_b2s_conv.axilite_b2s/RD.ar_channel_0/ar_cmd_fsm_0/E[0]                                   |                                                                                                                                              |                6 |             40 |
|  Arty_Z7_20_i/processing_system7_0/inst/FCLK_CLK0 | Arty_Z7_20_i/axi_gpio_2/U0/AXI_LITE_IPIF_I/I_SLAVE_ATTACHMENT/start2                                                                                             | Arty_Z7_20_i/axi_gpio_2/U0/AXI_LITE_IPIF_I/I_SLAVE_ATTACHMENT/I_DECODER/cs_ce_clr                                                            |                4 |             42 |
|  Arty_Z7_20_i/processing_system7_0/inst/FCLK_CLK0 | Arty_Z7_20_i/axi_gpio_3/U0/AXI_LITE_IPIF_I/I_SLAVE_ATTACHMENT/start2                                                                                             | Arty_Z7_20_i/axi_gpio_3/U0/AXI_LITE_IPIF_I/I_SLAVE_ATTACHMENT/I_DECODER/cs_ce_clr                                                            |                3 |             42 |
|  Arty_Z7_20_i/processing_system7_0/inst/FCLK_CLK0 |                                                                                                                                                                  | Arty_Z7_20_i/axi_gpio_0/U0/AXI_LITE_IPIF_I/I_SLAVE_ATTACHMENT/SR[0]                                                                          |                8 |             44 |
|  Arty_Z7_20_i/processing_system7_0/inst/FCLK_CLK0 | Arty_Z7_20_i/axi_iic_0/U0/X_IIC/X_AXI_IPIF_SSP1/AXI_LITE_IPIF_I/I_SLAVE_ATTACHMENT/start2                                                                        | Arty_Z7_20_i/axi_iic_0/U0/X_IIC/X_AXI_IPIF_SSP1/AXI_LITE_IPIF_I/I_SLAVE_ATTACHMENT/I_DECODER/cs_ce_clr                                       |                7 |             48 |
|  Arty_Z7_20_i/processing_system7_0/inst/FCLK_CLK0 | Arty_Z7_20_i/ps7_0_axi_periph/xbar/inst/gen_sasd.crossbar_sasd_0/addr_arbiter_inst/p_0_in1_in                                                                    | Arty_Z7_20_i/ps7_0_axi_periph/xbar/inst/gen_sasd.crossbar_sasd_0/addr_arbiter_inst/SR[0]                                                     |               10 |             50 |
|  Arty_Z7_20_i/processing_system7_0/inst/FCLK_CLK0 |                                                                                                                                                                  | Arty_Z7_20_i/axi_gpio_2/U0/AXI_LITE_IPIF_I/I_SLAVE_ATTACHMENT/I_DECODER/Read_Reg_Rst                                                         |                8 |             56 |
|  Arty_Z7_20_i/processing_system7_0/inst/FCLK_CLK0 |                                                                                                                                                                  | Arty_Z7_20_i/axi_gpio_3/U0/AXI_LITE_IPIF_I/I_SLAVE_ATTACHMENT/I_DECODER/Read_Reg_Rst                                                         |                9 |             64 |
|  Arty_Z7_20_i/processing_system7_0/inst/FCLK_CLK0 | Arty_Z7_20_i/ps7_0_axi_periph/s00_couplers/auto_pc/inst/gen_axilite.gen_b2s_conv.axilite_b2s/RD.r_channel_0/rd_data_fifo_0/wr_en0                                |                                                                                                                                              |                9 |             68 |
|  Arty_Z7_20_i/processing_system7_0/inst/FCLK_CLK0 | Arty_Z7_20_i/ps7_0_axi_periph/xbar/inst/gen_sasd.crossbar_sasd_0/addr_arbiter_inst/E[0]                                                                          |                                                                                                                                              |                8 |             70 |
|  Arty_Z7_20_i/processing_system7_0/inst/FCLK_CLK0 |                                                                                                                                                                  | Arty_Z7_20_i/axi_iic_0/U0/X_IIC/REG_INTERFACE_I/q_int_reg[0]                                                                                 |               16 |             82 |
|  Arty_Z7_20_i/processing_system7_0/inst/FCLK_CLK0 |                                                                                                                                                                  | Arty_Z7_20_i/axi_iic_0/U0/X_IIC/X_AXI_IPIF_SSP1/X_SOFT_RESET/SR[0]                                                                           |               15 |             84 |
|  Arty_Z7_20_i/processing_system7_0/inst/FCLK_CLK0 | Arty_Z7_20_i/ps7_0_axi_periph/s00_couplers/auto_pc/inst/gen_axilite.gen_b2s_conv.axilite_b2s/SI_REG/r.r_pipe/p_1_in                                              |                                                                                                                                              |                9 |             94 |
|  Arty_Z7_20_i/processing_system7_0/inst/FCLK_CLK0 | Arty_Z7_20_i/ps7_0_axi_periph/s00_couplers/auto_pc/inst/gen_axilite.gen_b2s_conv.axilite_b2s/SI_REG/r.r_pipe/skid_buffer_reg[0]_0                                |                                                                                                                                              |                8 |             94 |
|  Arty_Z7_20_i/processing_system7_0/inst/FCLK_CLK0 | Arty_Z7_20_i/ps7_0_axi_periph/s00_couplers/auto_pc/inst/gen_axilite.gen_b2s_conv.axilite_b2s/SI_REG/ar.ar_pipe/s_axi_arready                                     |                                                                                                                                              |               10 |             96 |
|  Arty_Z7_20_i/processing_system7_0/inst/FCLK_CLK0 | Arty_Z7_20_i/ps7_0_axi_periph/s00_couplers/auto_pc/inst/gen_axilite.gen_b2s_conv.axilite_b2s/SI_REG/aw.aw_pipe/s_axi_awready                                     |                                                                                                                                              |               10 |             96 |
|  Arty_Z7_20_i/processing_system7_0/inst/FCLK_CLK0 | Arty_Z7_20_i/ps7_0_axi_periph/s00_couplers/auto_pc/inst/gen_axilite.gen_b2s_conv.axilite_b2s/RD.ar_channel_0/ar_cmd_fsm_0/m_payload_i_reg[0]_1[0]                |                                                                                                                                              |                8 |             96 |
|  Arty_Z7_20_i/processing_system7_0/inst/FCLK_CLK0 | Arty_Z7_20_i/ps7_0_axi_periph/s00_couplers/auto_pc/inst/gen_axilite.gen_b2s_conv.axilite_b2s/WR.aw_channel_0/aw_cmd_fsm_0/m_payload_i_reg[0][0]                  |                                                                                                                                              |                8 |             96 |
|  Arty_Z7_20_i/processing_system7_0/inst/FCLK_CLK0 |                                                                                                                                                                  | Arty_Z7_20_i/ps7_0_axi_periph/s00_couplers/auto_pc/inst/gen_axilite.gen_b2s_conv.axilite_b2s/areset_d1                                       |               14 |            120 |
|  Arty_Z7_20_i/processing_system7_0/inst/FCLK_CLK0 |                                                                                                                                                                  | Arty_Z7_20_i/axi_gpio_2/U0/bus2ip_reset                                                                                                      |               25 |            120 |
|  Arty_Z7_20_i/processing_system7_0/inst/FCLK_CLK0 |                                                                                                                                                                  | Arty_Z7_20_i/axi_gpio_3/U0/bus2ip_reset                                                                                                      |               23 |            128 |
|  Arty_Z7_20_i/processing_system7_0/inst/FCLK_CLK0 |                                                                                                                                                                  |                                                                                                                                              |              136 |            818 |
+---------------------------------------------------+------------------------------------------------------------------------------------------------------------------------------------------------------------------+----------------------------------------------------------------------------------------------------------------------------------------------+------------------+----------------+


