TRACE::2018-11-12.23:26:13::SCWPlatform:: First log statement 
TRACE::2018-11-12.23:26:22::SCWPlatform:: Platformds dir is C:/Users/TimothyDuke/workspace/Arty_Z7_20/_platform/dsa
TRACE::2018-11-12.23:26:22::SCWPlatform:: Platform Path C:/Users/TimothyDuke/workspace/Arty_Z7_20/_platform/dsa/Arty_Z7_20.dsa
TRACE::2018-11-12.23:26:22::SCWPlatform:: Unique name xilinx.com:arty-z7-20:Arty_Z7_20.dsa:1.0
TRACE::2018-11-12.23:26:29::SCWPlatform::Got new hwdb Arty_Z7_20_wrapper
TRACE::2018-11-12.23:26:29::SCWPlatform::Found the Hw Db part of the input DSA
TRACE::2018-11-12.23:26:29::SCWWriter::formatted JSON is {
	"platformName":	"Arty_Z7_20",
	"platformDesc":	"Arty_Z7_20",
	"platHandOff":	"C:/Users/TimothyDuke/Arty_Z7_20.dsa",
	"deviceType":	"zynq",
	"platPreBuiltFlag":	true,
	"platformSamplesDir":	""
}
TRACE::2018-11-12.23:26:29::SCWWriter::formatted JSON is {
	"platformName":	"Arty_Z7_20",
	"platformDesc":	"Arty_Z7_20",
	"platHandOff":	"C:/Users/TimothyDuke/Arty_Z7_20.dsa",
	"deviceType":	"zynq",
	"platPreBuiltFlag":	true,
	"platformSamplesDir":	""
}
TRACE::2018-11-12.23:26:29::SCWPlatform:: Platformds dir is C:/Users/TimothyDuke/workspace/Arty_Z7_20/_platform/dsa
TRACE::2018-11-12.23:26:29::SCWPlatform:: Platform Path C:/Users/TimothyDuke/workspace/Arty_Z7_20/_platform/dsa/Arty_Z7_20.dsa
TRACE::2018-11-12.23:26:29::SCWPlatform:: Unique name xilinx.com:arty-z7-20:Arty_Z7_20.dsa:1.0
TRACE::2018-11-12.23:26:29::SCWPlatform::Removing the HwDB with name C:/Users/TimothyDuke/workspace/Arty_Z7_20/_platform/dsa/Arty_Z7_20.dsa
TRACE::2018-11-12.23:26:29::SCWPlatform:: First log statement 
TRACE::2018-11-12.23:26:29::SCWPlatform:: Platformds dir is C:/Users/TimothyDuke/workspace/Arty_Z7_20/_platform/dsa
TRACE::2018-11-12.23:26:29::SCWPlatform:: Platform Path C:/Users/TimothyDuke/workspace/Arty_Z7_20/_platform/dsa/Arty_Z7_20.dsa
TRACE::2018-11-12.23:26:29::SCWPlatform:: Unique name xilinx.com:arty-z7-20:Arty_Z7_20.dsa:1.0
TRACE::2018-11-12.23:26:33::SCWPlatform::Got new hwdb Arty_Z7_20_wrapper_0
TRACE::2018-11-12.23:26:33::SCWPlatform::Found the Hw Db part of the input DSA
TRACE::2018-11-12.23:26:33::SCWReader::Active system found as  
TRACE::2018-11-12.23:26:33::SCWReader::No system configurations  present  
TRACE::2018-11-12.23:27:23::SCWWriter::formatted JSON is {
	"platformName":	"Arty_Z7_20",
	"platformDesc":	"Arty_Z7_20",
	"platHandOff":	"C:/Users/TimothyDuke/Arty_Z7_20.dsa",
	"deviceType":	"zynq",
	"platPreBuiltFlag":	true,
	"platformSamplesDir":	"",
	"platActiveSys":	"FreeRTOS",
	"systems":	[{
			"systemName":	"FreeRTOS",
			"systemDesc":	"FreeRTOS on Arty Z7-20",
			"systemDispName":	"FreeRTOS",
			"sysBootDir":	"C:/Users/TimothyDuke/Desktop/Arty_Z7_20/sw/freertos0/boot"
		}]
}
TRACE::2018-11-12.23:27:23::SCWWriter::formatted JSON is {
	"platformName":	"Arty_Z7_20",
	"platformDesc":	"Arty_Z7_20",
	"platHandOff":	"C:/Users/TimothyDuke/Arty_Z7_20.dsa",
	"deviceType":	"zynq",
	"platPreBuiltFlag":	true,
	"platformSamplesDir":	"",
	"platActiveSys":	"FreeRTOS",
	"systems":	[{
			"systemName":	"FreeRTOS",
			"systemDesc":	"FreeRTOS on Arty Z7-20",
			"systemDispName":	"FreeRTOS",
			"sysBootDir":	"C:/Users/TimothyDuke/Desktop/Arty_Z7_20/sw/freertos0/boot",
			"bootBifFile":	"C:/Users/TimothyDuke/Desktop/Arty_Z7_20/sw/freertos0/boot/freertos.bif"
		}]
}
TRACE::2018-11-12.23:27:47::SCWPlatform:: Platformds dir is C:/Users/TimothyDuke/workspace/Arty_Z7_20/_platform/dsa
TRACE::2018-11-12.23:27:47::SCWPlatform:: Platform Path C:/Users/TimothyDuke/workspace/Arty_Z7_20/_platform/dsa/Arty_Z7_20.dsa
TRACE::2018-11-12.23:27:47::SCWPlatform:: Unique name xilinx.com:arty-z7-20:Arty_Z7_20.dsa:1.0
TRACE::2018-11-12.23:27:47::SCWPlatform::Opened existing hwdb Arty_Z7_20_wrapper_0
TRACE::2018-11-12.23:27:47::SCWPlatform::Found the Hw Db part of the input DSA
TRACE::2018-11-12.23:27:47::SCWPlatform:: Platformds dir is C:/Users/TimothyDuke/workspace/Arty_Z7_20/_platform/dsa
TRACE::2018-11-12.23:27:47::SCWPlatform:: Platform Path C:/Users/TimothyDuke/workspace/Arty_Z7_20/_platform/dsa/Arty_Z7_20.dsa
TRACE::2018-11-12.23:27:47::SCWPlatform:: Unique name xilinx.com:arty-z7-20:Arty_Z7_20.dsa:1.0
TRACE::2018-11-12.23:27:47::SCWPlatform::Opened existing hwdb Arty_Z7_20_wrapper_0
TRACE::2018-11-12.23:27:47::SCWPlatform::Found the Hw Db part of the input DSA
TRACE::2018-11-12.23:27:47::SCWMssOS::Checking the sw design at  C:/Users/TimothyDuke/workspace/Arty_Z7_20/_platform/FreeRTOS/FreeRTOS/mss/system.mss
TRACE::2018-11-12.23:27:47::SCWMssOS::No sw design opened at  C:/Users/TimothyDuke/workspace/Arty_Z7_20/_platform/FreeRTOS/FreeRTOS/mss/system.mss
TRACE::2018-11-12.23:27:47::SCWMssOS::mss does not exists  C:/Users/TimothyDuke/workspace/Arty_Z7_20/_platform/FreeRTOS/FreeRTOS/mss/system.mss
TRACE::2018-11-12.23:27:47::SCWMssOS::Creating sw design at  C:/Users/TimothyDuke/workspace/Arty_Z7_20/_platform/FreeRTOS/FreeRTOS/mss/system.mss
TRACE::2018-11-12.23:27:47::SCWMssOS::Doing writemss at C:/Users/TimothyDuke/workspace/Arty_Z7_20/_platform/FreeRTOS/FreeRTOS/mss/system.mss
TRACE::2018-11-12.23:27:47::SCWMssOS::Completed writing the mss file at C:/Users/TimothyDuke/workspace/Arty_Z7_20/_platform/FreeRTOS/FreeRTOS/mss
TRACE::2018-11-12.23:27:47::SCWPlatform:: Platformds dir is C:/Users/TimothyDuke/workspace/Arty_Z7_20/_platform/dsa
TRACE::2018-11-12.23:27:47::SCWPlatform:: Platform Path C:/Users/TimothyDuke/workspace/Arty_Z7_20/_platform/dsa/Arty_Z7_20.dsa
TRACE::2018-11-12.23:27:48::SCWPlatform:: Unique name xilinx.com:arty-z7-20:Arty_Z7_20.dsa:1.0
TRACE::2018-11-12.23:27:48::SCWPlatform::Opened existing hwdb Arty_Z7_20_wrapper_0
TRACE::2018-11-12.23:27:48::SCWPlatform::Found the Hw Db part of the input DSA
TRACE::2018-11-12.23:27:48::SCWMssOS::Checking the sw design at  C:/Users/TimothyDuke/workspace/Arty_Z7_20/_platform/FreeRTOS/FreeRTOS/mss/system.mss
TRACE::2018-11-12.23:27:48::SCWMssOS::Sw design exists and opened at  C:/Users/TimothyDuke/workspace/Arty_Z7_20/_platform/FreeRTOS/FreeRTOS/mss/system.mss
TRACE::2018-11-12.23:27:48::SCWPlatform:: Platformds dir is C:/Users/TimothyDuke/workspace/Arty_Z7_20/_platform/dsa
TRACE::2018-11-12.23:27:48::SCWPlatform:: Platform Path C:/Users/TimothyDuke/workspace/Arty_Z7_20/_platform/dsa/Arty_Z7_20.dsa
TRACE::2018-11-12.23:27:48::SCWPlatform:: Unique name xilinx.com:arty-z7-20:Arty_Z7_20.dsa:1.0
TRACE::2018-11-12.23:27:48::SCWPlatform::Opened existing hwdb Arty_Z7_20_wrapper_0
TRACE::2018-11-12.23:27:48::SCWPlatform::Found the Hw Db part of the input DSA
TRACE::2018-11-12.23:27:48::SCWMssOS::Checking the sw design at  C:/Users/TimothyDuke/workspace/Arty_Z7_20/_platform/FreeRTOS/FreeRTOS/mss/system.mss
TRACE::2018-11-12.23:27:48::SCWMssOS::Sw design exists and opened at  C:/Users/TimothyDuke/workspace/Arty_Z7_20/_platform/FreeRTOS/FreeRTOS/mss/system.mss
TRACE::2018-11-12.23:27:48::SCWMssOS::Succeded at setting sw design at  C:/Users/TimothyDuke/workspace/Arty_Z7_20/_platform/FreeRTOS/FreeRTOS/mss/system.mss
TRACE::2018-11-12.23:27:48::SCWPlatform:: Platformds dir is C:/Users/TimothyDuke/workspace/Arty_Z7_20/_platform/dsa
TRACE::2018-11-12.23:27:48::SCWPlatform:: Platform Path C:/Users/TimothyDuke/workspace/Arty_Z7_20/_platform/dsa/Arty_Z7_20.dsa
TRACE::2018-11-12.23:27:48::SCWPlatform:: Unique name xilinx.com:arty-z7-20:Arty_Z7_20.dsa:1.0
TRACE::2018-11-12.23:27:48::SCWPlatform::Opened existing hwdb Arty_Z7_20_wrapper_0
TRACE::2018-11-12.23:27:48::SCWPlatform::Found the Hw Db part of the input DSA
TRACE::2018-11-12.23:27:48::SCWMssOS::Checking the sw design at  C:/Users/TimothyDuke/workspace/Arty_Z7_20/_platform/FreeRTOS/FreeRTOS/mss/system.mss
TRACE::2018-11-12.23:27:48::SCWMssOS::Sw design exists and opened at  C:/Users/TimothyDuke/workspace/Arty_Z7_20/_platform/FreeRTOS/FreeRTOS/mss/system.mss
TRACE::2018-11-12.23:27:48::SCWWriter::formatted JSON is {
	"platformName":	"Arty_Z7_20",
	"platformDesc":	"Arty_Z7_20",
	"platHandOff":	"C:/Users/TimothyDuke/Arty_Z7_20.dsa",
	"deviceType":	"zynq",
	"platPreBuiltFlag":	true,
	"platformSamplesDir":	"",
	"platActiveSys":	"FreeRTOS",
	"systems":	[{
			"systemName":	"FreeRTOS",
			"systemDesc":	"FreeRTOS on Arty Z7-20",
			"systemDispName":	"FreeRTOS",
			"sysBootDir":	"C:/Users/TimothyDuke/Desktop/Arty_Z7_20/sw/freertos0/boot",
			"bootBifFile":	"C:/Users/TimothyDuke/Desktop/Arty_Z7_20/sw/freertos0/boot/freertos.bif",
			"sysActiveDom":	"FreeRTOS",
			"domains":	[{
					"domainName":	"FreeRTOS",
					"domainDispName":	"FreeRTOS",
					"domainDesc":	"FreeRTOS on Arty Z7-20",
					"processors":	"ps7_cortexa9_0",
					"os":	"freertos10_xilinx",
					"sdxOs":	"freertos10_xilinx",
					"debugEnable":	"False",
					"domRuntimes":	["cpp"],
					"swRepo":	"",
					"mssFile":	"",
					"compatibleApp":	"",
					"appSettings":	{
						"appCompilerFlags":	"",
						"appLinkerFlags":	"",
						"lscriptEditable":	"false"
					},
					"addedLibs":	[],
					"libOptions":	{
						"libsContainingOptions":	[]
					},
					"prebuiltLibs":	{
						"prebuiltIncPath":	[],
						"prebuiltLibPath":	[]
					},
					"isolation":	{
					}
				}]
		}]
}
TRACE::2018-11-12.23:27:48::SCWPlatform:: Platformds dir is C:/Users/TimothyDuke/workspace/Arty_Z7_20/_platform/dsa
TRACE::2018-11-12.23:27:48::SCWPlatform:: Platform Path C:/Users/TimothyDuke/workspace/Arty_Z7_20/_platform/dsa/Arty_Z7_20.dsa
TRACE::2018-11-12.23:27:48::SCWPlatform:: Unique name xilinx.com:arty-z7-20:Arty_Z7_20.dsa:1.0
TRACE::2018-11-12.23:27:48::SCWPlatform::Opened existing hwdb Arty_Z7_20_wrapper_0
TRACE::2018-11-12.23:27:48::SCWPlatform::Found the Hw Db part of the input DSA
TRACE::2018-11-12.23:27:48::SCWMssOS::Checking the sw design at  C:/Users/TimothyDuke/workspace/Arty_Z7_20/_platform/FreeRTOS/FreeRTOS/mss/system.mss
TRACE::2018-11-12.23:27:48::SCWMssOS::Sw design exists and opened at  C:/Users/TimothyDuke/workspace/Arty_Z7_20/_platform/FreeRTOS/FreeRTOS/mss/system.mss
TRACE::2018-11-12.23:27:48::SCWWriter::formatted JSON is {
	"platformName":	"Arty_Z7_20",
	"platformDesc":	"Arty_Z7_20",
	"platHandOff":	"C:/Users/TimothyDuke/Arty_Z7_20.dsa",
	"deviceType":	"zynq",
	"platPreBuiltFlag":	true,
	"platformSamplesDir":	"",
	"platActiveSys":	"FreeRTOS",
	"systems":	[{
			"systemName":	"FreeRTOS",
			"systemDesc":	"FreeRTOS on Arty Z7-20",
			"systemDispName":	"FreeRTOS",
			"sysBootDir":	"C:/Users/TimothyDuke/Desktop/Arty_Z7_20/sw/freertos0/boot",
			"bootBifFile":	"C:/Users/TimothyDuke/Desktop/Arty_Z7_20/sw/freertos0/boot/freertos.bif",
			"sysActiveDom":	"FreeRTOS",
			"domains":	[{
					"domainName":	"FreeRTOS",
					"domainDispName":	"FreeRTOS",
					"domainDesc":	"FreeRTOS on Arty Z7-20",
					"processors":	"ps7_cortexa9_0",
					"os":	"freertos10_xilinx",
					"sdxOs":	"freertos10_xilinx",
					"debugEnable":	"False",
					"domRuntimes":	["cpp"],
					"swRepo":	"",
					"mssFile":	"",
					"compatibleApp":	"",
					"appSettings":	{
						"appCompilerFlags":	"",
						"appLinkerFlags":	"",
						"lscript":	"C:/Users/TimothyDuke/Desktop/Arty_Z7_20/sw/freertos0/lscript.ld"
					},
					"addedLibs":	[],
					"libOptions":	{
						"libsContainingOptions":	[]
					},
					"prebuiltLibs":	{
						"prebuiltIncPath":	[],
						"prebuiltLibPath":	[]
					},
					"isolation":	{
					}
				}]
		}]
}
TRACE::2018-11-12.23:27:48::SCWPlatform:: Platformds dir is C:/Users/TimothyDuke/workspace/Arty_Z7_20/_platform/dsa
TRACE::2018-11-12.23:27:48::SCWPlatform:: Platform Path C:/Users/TimothyDuke/workspace/Arty_Z7_20/_platform/dsa/Arty_Z7_20.dsa
TRACE::2018-11-12.23:27:48::SCWPlatform:: Unique name xilinx.com:arty-z7-20:Arty_Z7_20.dsa:1.0
TRACE::2018-11-12.23:27:48::SCWPlatform::Opened existing hwdb Arty_Z7_20_wrapper_0
TRACE::2018-11-12.23:27:48::SCWPlatform::Found the Hw Db part of the input DSA
TRACE::2018-11-12.23:27:48::SCWMssOS::Checking the sw design at  C:/Users/TimothyDuke/workspace/Arty_Z7_20/_platform/FreeRTOS/FreeRTOS/mss/system.mss
TRACE::2018-11-12.23:27:48::SCWMssOS::Sw design exists and opened at  C:/Users/TimothyDuke/workspace/Arty_Z7_20/_platform/FreeRTOS/FreeRTOS/mss/system.mss
TRACE::2018-11-12.23:28:09::SCWMssOS::Writing the mss file completed C:/Users/TimothyDuke/workspace/Arty_Z7_20/_platform/FreeRTOS/FreeRTOS/mss/system.mss
TRACE::2018-11-12.23:28:09::SCWPlatform:: Platformds dir is C:/Users/TimothyDuke/workspace/Arty_Z7_20/_platform/dsa
TRACE::2018-11-12.23:28:09::SCWPlatform:: Platform Path C:/Users/TimothyDuke/workspace/Arty_Z7_20/_platform/dsa/Arty_Z7_20.dsa
TRACE::2018-11-12.23:28:09::SCWPlatform:: Unique name xilinx.com:arty-z7-20:Arty_Z7_20.dsa:1.0
TRACE::2018-11-12.23:28:09::SCWPlatform::Opened existing hwdb Arty_Z7_20_wrapper_0
TRACE::2018-11-12.23:28:09::SCWPlatform::Found the Hw Db part of the input DSA
TRACE::2018-11-12.23:28:09::SCWMssOS::Checking the sw design at  C:/Users/TimothyDuke/workspace/Arty_Z7_20/_platform/FreeRTOS/FreeRTOS/mss/system.mss
TRACE::2018-11-12.23:28:09::SCWMssOS::Sw design exists and opened at  C:/Users/TimothyDuke/workspace/Arty_Z7_20/_platform/FreeRTOS/FreeRTOS/mss/system.mss
TRACE::2018-11-12.23:28:09::SCWWriter::formatted JSON is {
	"platformName":	"Arty_Z7_20",
	"platformDesc":	"Arty_Z7_20",
	"platHandOff":	"C:/Users/TimothyDuke/Arty_Z7_20.dsa",
	"deviceType":	"zynq",
	"platPreBuiltFlag":	true,
	"platformSamplesDir":	"",
	"platActiveSys":	"FreeRTOS",
	"systems":	[{
			"systemName":	"FreeRTOS",
			"systemDesc":	"FreeRTOS on Arty Z7-20",
			"systemDispName":	"FreeRTOS",
			"sysBootDir":	"C:/Users/TimothyDuke/Desktop/Arty_Z7_20/sw/freertos0/boot",
			"bootBifFile":	"C:/Users/TimothyDuke/Desktop/Arty_Z7_20/sw/freertos0/boot/freertos.bif",
			"sysActiveDom":	"FreeRTOS",
			"domains":	[{
					"domainName":	"FreeRTOS",
					"domainDispName":	"FreeRTOS",
					"domainDesc":	"FreeRTOS on Arty Z7-20",
					"processors":	"ps7_cortexa9_0",
					"os":	"freertos10_xilinx",
					"sdxOs":	"freertos10_xilinx",
					"debugEnable":	"False",
					"domRuntimes":	["cpp"],
					"swRepo":	"",
					"mssFile":	"",
					"compatibleApp":	"",
					"appSettings":	{
						"appCompilerFlags":	"",
						"appLinkerFlags":	"",
						"lscript":	"C:/Users/TimothyDuke/Desktop/Arty_Z7_20/sw/freertos0/lscript.ld"
					},
					"addedLibs":	[],
					"libOptions":	{
						"libsContainingOptions":	[]
					},
					"prebuiltLibs":	{
						"prebuiltIncPath":	["C:/Users/TimothyDuke/Desktop/Arty_Z7_20/sw/freertos0/inc/include_bsp"],
						"prebuiltLibPath":	[]
					},
					"isolation":	{
					}
				}]
		}]
}
LOG::2018-11-12.23:28:10::SCWPlatform::Started generating the artifacts platform Arty_Z7_20
TRACE::2018-11-12.23:28:10::SCWPlatform::Sanity checking of platform is completed
LOG::2018-11-12.23:28:10::SCWPlatform::Started generating the artifacts for system configuration FreeRTOS
TRACE::2018-11-12.23:28:10::SCWSystem::Copying the bif file from  C:/Users/TimothyDuke/Desktop/Arty_Z7_20/sw/freertos0/boot/freertos.bif To C:/Users/TimothyDuke/workspace/Arty_Z7_20/export/Arty_Z7_20/sw/FreeRTOS/boot/
LOG::2018-11-12.23:28:10::SCWSystem::Started Processing the domain FreeRTOS
TRACE::2018-11-12.23:28:10::SCWDomain::Generating domain artifcats
TRACE::2018-11-12.23:28:10::SCWMssOS::Generating standalone artifcats
TRACE::2018-11-12.23:28:10::SCWMssOS:: Copying the user libraries. 
TRACE::2018-11-12.23:28:14::SCWMssOS::Generating standalone artifcats, Done
LOG::2018-11-12.23:28:14::SCWSystem::Completed Processing the domain FreeRTOS
LOG::2018-11-12.23:28:14::SCWPlatform::Completed generating the artifacts for system configuration FreeRTOS
TRACE::2018-11-12.23:28:14::SCWPlatform::Started preparing the platform 
TRACE::2018-11-12.23:28:14::SCWPlatform::Started writing the spfm file 
TRACE::2018-11-12.23:28:14::SCWPlatform::Started writing the xpfm file 
TRACE::2018-11-12.23:28:14::SCWPlatform:: Platformds dir is C:/Users/TimothyDuke/workspace/Arty_Z7_20/_platform/dsa
TRACE::2018-11-12.23:28:14::SCWPlatform:: Platform Path C:/Users/TimothyDuke/workspace/Arty_Z7_20/_platform/dsa/Arty_Z7_20.dsa
TRACE::2018-11-12.23:28:14::SCWPlatform:: Unique name xilinx.com:arty-z7-20:Arty_Z7_20.dsa:1.0
TRACE::2018-11-12.23:28:15::SCWPlatform::Opened existing hwdb Arty_Z7_20_wrapper_0
TRACE::2018-11-12.23:28:15::SCWPlatform::Found the Hw Db part of the input DSA
TRACE::2018-11-12.23:28:15::SCWMssOS::Checking the sw design at  C:/Users/TimothyDuke/workspace/Arty_Z7_20/_platform/FreeRTOS/FreeRTOS/mss/system.mss
TRACE::2018-11-12.23:28:15::SCWMssOS::Sw design exists and opened at  C:/Users/TimothyDuke/workspace/Arty_Z7_20/_platform/FreeRTOS/FreeRTOS/mss/system.mss
TRACE::2018-11-12.23:28:15::SCWWriter::formatted JSON is {
	"platformName":	"Arty_Z7_20",
	"platformDesc":	"Arty_Z7_20",
	"platHandOff":	"C:/Users/TimothyDuke/Arty_Z7_20.dsa",
	"deviceType":	"zynq",
	"platPreBuiltFlag":	true,
	"platformSamplesDir":	"",
	"platActiveSys":	"FreeRTOS",
	"systems":	[{
			"systemName":	"FreeRTOS",
			"systemDesc":	"FreeRTOS on Arty Z7-20",
			"systemDispName":	"FreeRTOS",
			"sysBootDir":	"C:/Users/TimothyDuke/Desktop/Arty_Z7_20/sw/freertos0/boot",
			"bootBifFile":	"C:/Users/TimothyDuke/Desktop/Arty_Z7_20/sw/freertos0/boot/freertos.bif",
			"sysActiveDom":	"FreeRTOS",
			"domains":	[{
					"domainName":	"FreeRTOS",
					"domainDispName":	"FreeRTOS",
					"domainDesc":	"FreeRTOS on Arty Z7-20",
					"processors":	"ps7_cortexa9_0",
					"os":	"freertos10_xilinx",
					"sdxOs":	"freertos10_xilinx",
					"debugEnable":	"False",
					"domRuntimes":	["cpp"],
					"swRepo":	"",
					"mssFile":	"",
					"compatibleApp":	"",
					"appSettings":	{
						"appCompilerFlags":	"",
						"appLinkerFlags":	"",
						"lscript":	"C:/Users/TimothyDuke/Desktop/Arty_Z7_20/sw/freertos0/lscript.ld"
					},
					"addedLibs":	[],
					"libOptions":	{
						"libsContainingOptions":	[]
					},
					"prebuiltLibs":	{
						"prebuiltIncPath":	["C:/Users/TimothyDuke/Desktop/Arty_Z7_20/sw/freertos0/inc/include_bsp"],
						"prebuiltLibPath":	[]
					},
					"isolation":	{
					}
				}]
		}]
}
